<?xml version="1.0" encoding="UTF-8"?>
<testng-results skipped="0" failed="0" ignored="0" total="1" passed="1">
  <reporter-output>
  </reporter-output>
  <suite name="Default suite" duration-ms="6555" started-at="2019-07-31T10:59:17Z" finished-at="2019-07-31T10:59:23Z">
    <groups>
    </groups>
    <test name="Default test" duration-ms="6555" started-at="2019-07-31T10:59:17Z" finished-at="2019-07-31T10:59:23Z">
      <class name="crudoperations.Crudoperationusingpojo">
        <test-method status="PASS" signature="testResponseCode()[pri:0, instance:crudoperations.Crudoperationusingpojo@26be92ad]" name="testResponseCode" duration-ms="6488" started-at="2019-07-31T10:59:17Z" finished-at="2019-07-31T10:59:23Z">
          <reporter-output>
          </reporter-output>
        </test-method> <!-- testResponseCode -->
      </class> <!-- crudoperations.Crudoperationusingpojo -->
    </test> <!-- Default test -->
  </suite> <!-- Default suite -->
</testng-results>
